2025-09-09 22:15:03,665 INFO Set uid to user 0 succeeded
2025-09-09 22:15:03,666 INFO supervisord started with pid 1
2025-09-09 22:15:04,670 INFO spawned: 'nginx' with pid 7
2025-09-09 22:15:04,673 INFO spawned: 'php-fpm' with pid 8
2025-09-09 22:15:05,730 INFO success: nginx entered RUNNING state, process has stayed up for > than 1 seconds (startsecs)
2025-09-09 22:15:05,731 INFO success: php-fpm entered RUNNING state, process has stayed up for > than 1 seconds (startsecs)
2025-09-09 22:15:32,955 INFO reaped unknown pid 41 (exit status 0)
2025-09-09 22:20:20,526 INFO reaped unknown pid 75 (exit status 0)
2025-09-09 22:24:45,315 WARN received SIGQUIT indicating exit request
2025-09-09 22:24:45,315 INFO waiting for nginx, php-fpm to die
2025-09-09 22:24:45,328 INFO stopped: php-fpm (exit status 0)
2025-09-09 22:24:45,334 INFO stopped: nginx (exit status 0)
2025-09-09 23:01:09,741 INFO Set uid to user 0 succeeded
2025-09-09 23:01:09,747 INFO supervisord started with pid 1
2025-09-09 23:01:10,753 INFO spawned: 'nginx' with pid 8
2025-09-09 23:01:10,756 INFO spawned: 'php-fpm' with pid 9
2025-09-09 23:01:11,949 INFO success: nginx entered RUNNING state, process has stayed up for > than 1 seconds (startsecs)
2025-09-09 23:01:11,950 INFO success: php-fpm entered RUNNING state, process has stayed up for > than 1 seconds (startsecs)
2025-09-10 00:17:04,399 WARN received SIGQUIT indicating exit request
2025-09-10 00:17:04,412 INFO waiting for nginx, php-fpm to die
2025-09-10 00:17:04,467 INFO stopped: php-fpm (exit status 0)
2025-09-10 00:17:04,508 INFO stopped: nginx (exit status 0)
2025-09-10 00:17:17,279 INFO Set uid to user 0 succeeded
2025-09-10 00:17:17,282 INFO supervisord started with pid 1
2025-09-10 00:17:18,286 INFO spawned: 'nginx' with pid 8
2025-09-10 00:17:18,288 INFO spawned: 'php-fpm' with pid 9
2025-09-10 00:17:19,363 INFO success: nginx entered RUNNING state, process has stayed up for > than 1 seconds (startsecs)
2025-09-10 00:17:19,363 INFO success: php-fpm entered RUNNING state, process has stayed up for > than 1 seconds (startsecs)
2025-09-10 00:18:13,210 WARN received SIGQUIT indicating exit request
2025-09-10 00:18:13,211 INFO waiting for nginx, php-fpm to die
2025-09-10 00:18:13,226 INFO stopped: php-fpm (exit status 0)
2025-09-10 00:18:13,232 INFO stopped: nginx (exit status 0)
2025-09-10 00:21:55,245 INFO Set uid to user 0 succeeded
2025-09-10 00:21:55,246 INFO supervisord started with pid 1
2025-09-10 00:21:56,250 INFO spawned: 'nginx' with pid 26
2025-09-10 00:21:56,253 INFO spawned: 'php-fpm' with pid 27
2025-09-10 00:21:57,306 INFO success: nginx entered RUNNING state, process has stayed up for > than 1 seconds (startsecs)
2025-09-10 00:21:57,306 INFO success: php-fpm entered RUNNING state, process has stayed up for > than 1 seconds (startsecs)
2025-09-10 00:22:11,163 INFO reaped unknown pid 59 (exit status 0)
2025-09-10 09:27:52,054 INFO Set uid to user 0 succeeded
2025-09-10 09:27:52,064 INFO supervisord started with pid 1
2025-09-10 09:27:53,067 INFO spawned: 'nginx' with pid 26
2025-09-10 09:27:53,069 INFO spawned: 'php-fpm' with pid 27
2025-09-10 09:27:54,420 INFO success: nginx entered RUNNING state, process has stayed up for > than 1 seconds (startsecs)
2025-09-10 09:27:54,420 INFO success: php-fpm entered RUNNING state, process has stayed up for > than 1 seconds (startsecs)
2025-09-10 10:09:13,839 WARN received SIGQUIT indicating exit request
2025-09-10 10:09:13,842 INFO waiting for nginx, php-fpm to die
2025-09-10 10:09:13,870 INFO stopped: php-fpm (exit status 0)
2025-09-10 10:09:13,885 INFO stopped: nginx (exit status 0)
2025-09-10 10:13:40,882 INFO Set uid to user 0 succeeded
2025-09-10 10:13:40,883 INFO supervisord started with pid 1
2025-09-10 10:13:41,887 INFO spawned: 'nginx' with pid 26
2025-09-10 10:13:41,889 INFO spawned: 'php-fpm' with pid 27
2025-09-10 10:13:43,603 INFO success: nginx entered RUNNING state, process has stayed up for > than 1 seconds (startsecs)
2025-09-10 10:13:43,604 INFO success: php-fpm entered RUNNING state, process has stayed up for > than 1 seconds (startsecs)
2025-09-10 12:42:51,878 INFO Set uid to user 0 succeeded
2025-09-10 12:42:51,880 INFO supervisord started with pid 1
2025-09-10 12:42:52,884 INFO spawned: 'nginx' with pid 23
2025-09-10 12:42:52,886 INFO spawned: 'php-fpm' with pid 24
2025-09-10 12:42:55,174 INFO success: nginx entered RUNNING state, process has stayed up for > than 1 seconds (startsecs)
2025-09-10 12:42:55,175 INFO success: php-fpm entered RUNNING state, process has stayed up for > than 1 seconds (startsecs)
2025-09-10 12:43:13,968 INFO reaped unknown pid 312 (exit status 0)
2025-09-10 12:55:51,686 WARN received SIGQUIT indicating exit request
2025-09-10 12:55:51,687 INFO waiting for nginx, php-fpm to die
2025-09-10 12:55:51,712 INFO stopped: php-fpm (exit status 0)
2025-09-10 12:55:51,719 INFO stopped: nginx (exit status 0)
2025-09-10 12:55:59,093 INFO Set uid to user 0 succeeded
2025-09-10 12:55:59,095 INFO supervisord started with pid 1
2025-09-10 12:56:00,099 INFO spawned: 'nginx' with pid 26
2025-09-10 12:56:00,101 INFO spawned: 'php-fpm' with pid 27
2025-09-10 12:56:01,149 INFO success: nginx entered RUNNING state, process has stayed up for > than 1 seconds (startsecs)
2025-09-10 12:56:01,149 INFO success: php-fpm entered RUNNING state, process has stayed up for > than 1 seconds (startsecs)
2025-09-10 12:56:14,095 INFO reaped unknown pid 54 (exit status 0)
2025-09-10 13:06:15,505 WARN received SIGQUIT indicating exit request
2025-09-10 13:06:15,505 INFO waiting for nginx, php-fpm to die
2025-09-10 13:06:15,512 INFO stopped: php-fpm (exit status 0)
2025-09-10 13:06:15,517 INFO stopped: nginx (exit status 0)
